ARGUMENT 'cmd' __ignored__

ARGUMENT 'scripts/createDatasets.R' __ignored__


R version 3.2.3 (2015-12-10) -- "Wooden Christmas-Tree"
Copyright (C) 2015 The R Foundation for Statistical Computing
Platform: x86_64-apple-darwin14.5.0 (64-bit)

Ræ˜¯è‡ªç”±è½¯ä»¶ï¼Œä¸å¸¦ä»»ä½•æ‹…ä¿ã€‚
åœ¨æŸäº›æ¡ä»¶ä¸‹ä½ å¯ä»¥å°†å…¶è‡ªç”±æ•£å¸ƒã€‚
ç”¨'license()'æˆ–'licence()'æ¥çœ‹æ•£å¸ƒçš„è¯¦ç»†æ¡ä»¶ã€‚

Ræ˜¯ä¸ªåˆä½œè®¡åˆ’ï¼Œæœ‰è®¸å¤šäººä¸ºä¹‹åšå‡ºäº†è´¡çŒ®.
ç”¨'contributors()'æ¥çœ‹åˆä½œè€…çš„è¯¦ç»†æƒ…å†µ
ç”¨'citation()'ä¼šå‘Šè¯‰ä½ å¦‚ä½•åœ¨å‡ºç‰ˆç‰©ä¸­æ­£ç¡®åœ°å¼•ç”¨Ræˆ–Rç¨‹åºåŒ…ã€‚

ç”¨'demo()'æ¥çœ‹ä¸€äº›ç¤ºèŒƒç¨‹åºï¼Œç”¨'help()'æ¥é˜…è¯»åœ¨çº¿å¸®åŠ©æ–‡ä»¶ï¼Œæˆ–
ç”¨'help.start()'é€šè¿‡HTMLæµè§ˆå™¨æ¥çœ‹å¸®åŠ©æ–‡ä»¶ã€‚
ç”¨'q()'é€€å‡ºR.

> 
> 
> 
> 
> 
> 
> 
> 
> 
> [1m
[0m> [1m
[0m> [1m
[0m> [1m
[0m> [1m
[0m> [1m
[0m> [1m
[0m> [1m
[0m> c[1m
[0m> [1m
[0m> [1m
[0m> c[1m
[0m> [1m
[0m> [1m
[0m> [1m
[0m> cc[1m
[0m> c[1m
[0m> [1m
[0m> 
Save workspace image? [y/n/c]: 